<?xml version="1.0" encoding="UTF-8"?>
<testng-results ignored="0" total="1" passed="1" failed="0" skipped="0">
  <reporter-output>
  </reporter-output>
  <suite started-at="2024-08-17T16:57:51 IST" name="Suite" finished-at="2024-08-17T16:57:56 IST" duration-ms="4979">
    <groups>
    </groups>
    <test started-at="2024-08-17T16:57:51 IST" name="Test" finished-at="2024-08-17T16:57:56 IST" duration-ms="4979">
      <class name="test.ParametersTest">
        <test-method signature="loginPage(java.lang.String,java.lang.String,java.lang.String)[pri:0, instance:test.ParametersTest@67c27493]" started-at="2024-08-17T16:57:51 IST" name="loginPage" finished-at="2024-08-17T16:57:56 IST" duration-ms="4902" status="PASS">
          <params>
            <param index="0">
              <value>
                <![CDATA[https://www.facebook.com/]]>
              </value>
            </param>
            <param index="1">
              <value>
                <![CDATA[test123@gmail.com]]>
              </value>
            </param>
            <param index="2">
              <value>
                <![CDATA[test@123A]]>
              </value>
            </param>
          </params>
          <reporter-output>
          </reporter-output>
        </test-method> <!-- loginPage -->
      </class> <!-- test.ParametersTest -->
    </test> <!-- Test -->
  </suite> <!-- Suite -->
</testng-results>
